<?xml version="1.0" encoding="UTF-8"?>
<!-- Generated by org.testng.reporters.JUnitXMLReporter -->
<testsuite ignored="0" hostname="jeelaniBasha" failures="0" tests="4" name="Test" time="73.988" errors="0" timestamp="2024-05-29T10:51:17 IST">
  <testcase classname="TestCases.TC_001_LoginPage" name="loginAccount" time="18.326"/>
  <testcase classname="TestCases.TC_001_LoginPage" name="Addtocart" time="6.664"/>
  <testcase classname="TestCases.TC_001_LoginPage2" name="loginAccount" time="10.7"/>
  <testcase classname="TestCases.TC_001_LoginPage3" name="loginAccount" time="17.317"/>
</testsuite> <!-- Test -->
