<?xml version="1.0" encoding="UTF-8"?>
<testng-results ignored="0" total="4" passed="4" failed="0" skipped="0">
  <reporter-output>
  </reporter-output>
  <suite started-at="2024-05-29T10:50:02 IST" name="Suite" finished-at="2024-05-29T10:51:16 IST" duration-ms="73988">
    <groups>
    </groups>
    <test started-at="2024-05-29T10:50:02 IST" name="Test" finished-at="2024-05-29T10:51:16 IST" duration-ms="73988">
      <class name="TestCases.TC_001_LoginPage3">
        <test-method is-config="true" signature="setup()[pri:0, instance:TestCases.TC_001_LoginPage3@53fe15ff]" started-at="2024-05-29T10:50:52 IST" name="setup" finished-at="2024-05-29T10:50:58 IST" duration-ms="5742" status="PASS">
          <reporter-output>
          </reporter-output>
        </test-method> <!-- setup -->
        <test-method signature="loginAccount()[pri:1, instance:TestCases.TC_001_LoginPage3@53fe15ff]" started-at="2024-05-29T10:50:58 IST" name="loginAccount" finished-at="2024-05-29T10:51:15 IST" duration-ms="17317" status="PASS">
          <reporter-output>
          </reporter-output>
        </test-method> <!-- loginAccount -->
        <test-method is-config="true" signature="close()[pri:0, instance:TestCases.TC_001_LoginPage3@53fe15ff]" started-at="2024-05-29T10:51:15 IST" name="close" finished-at="2024-05-29T10:51:16 IST" duration-ms="322" status="PASS">
          <reporter-output>
          </reporter-output>
        </test-method> <!-- close -->
      </class> <!-- TestCases.TC_001_LoginPage3 -->
      <class name="TestCases.TC_001_LoginPage2">
        <test-method is-config="true" signature="setup()[pri:0, instance:TestCases.TC_001_LoginPage2@2e8c1c9b]" started-at="2024-05-29T10:50:35 IST" name="setup" finished-at="2024-05-29T10:50:41 IST" duration-ms="5803" status="PASS">
          <reporter-output>
          </reporter-output>
        </test-method> <!-- setup -->
        <test-method signature="loginAccount()[pri:1, instance:TestCases.TC_001_LoginPage2@2e8c1c9b]" started-at="2024-05-29T10:50:41 IST" name="loginAccount" finished-at="2024-05-29T10:50:52 IST" duration-ms="10700" status="PASS">
          <reporter-output>
          </reporter-output>
        </test-method> <!-- loginAccount -->
        <test-method is-config="true" signature="close()[pri:0, instance:TestCases.TC_001_LoginPage2@2e8c1c9b]" started-at="2024-05-29T10:50:52 IST" name="close" finished-at="2024-05-29T10:50:52 IST" duration-ms="335" status="PASS">
          <reporter-output>
          </reporter-output>
        </test-method> <!-- close -->
      </class> <!-- TestCases.TC_001_LoginPage2 -->
      <class name="TestCases.TC_001_LoginPage">
        <test-method is-config="true" signature="setup()[pri:0, instance:TestCases.TC_001_LoginPage@7526515b]" started-at="2024-05-29T10:50:02 IST" name="setup" finished-at="2024-05-29T10:50:09 IST" duration-ms="6859" status="PASS">
          <reporter-output>
          </reporter-output>
        </test-method> <!-- setup -->
        <test-method signature="loginAccount()[pri:1, instance:TestCases.TC_001_LoginPage@7526515b]" started-at="2024-05-29T10:50:09 IST" name="loginAccount" finished-at="2024-05-29T10:50:27 IST" duration-ms="18326" status="PASS">
          <reporter-output>
          </reporter-output>
        </test-method> <!-- loginAccount -->
        <test-method signature="Addtocart()[pri:2, instance:TestCases.TC_001_LoginPage@7526515b]" started-at="2024-05-29T10:50:28 IST" name="Addtocart" finished-at="2024-05-29T10:50:34 IST" duration-ms="6664" status="PASS">
          <reporter-output>
          </reporter-output>
        </test-method> <!-- Addtocart -->
        <test-method is-config="true" signature="close()[pri:0, instance:TestCases.TC_001_LoginPage@7526515b]" started-at="2024-05-29T10:50:35 IST" name="close" finished-at="2024-05-29T10:50:35 IST" duration-ms="344" status="PASS">
          <reporter-output>
          </reporter-output>
        </test-method> <!-- close -->
      </class> <!-- TestCases.TC_001_LoginPage -->
    </test> <!-- Test -->
  </suite> <!-- Suite -->
</testng-results>
